<?xml version="1.0" encoding="UTF-8"?>
<!-- Generated by org.testng.reporters.JUnitReportReporter -->
<testsuite skipped="0" hostname="LN0C5772E6454B" name="keywordLamda.XLSReader" tests="1" failures="0" timestamp="24 Jul 2018 04:30:15 GMT" time="0.689" errors="0">
  <testcase name="execute" time="0.689" classname="keywordLamda.XLSReader"/>
</testsuite> <!-- keywordLamda.XLSReader -->
