<?xml version="1.0" encoding="UTF-8"?>
<!-- Generated by org.testng.reporters.JUnitReportReporter -->
<testsuite skipped="0" hostname="LN0C5772E6454B" name="keywordLamda.XLSReaderOld" tests="1" failures="0" timestamp="23 Jul 2018 22:51:24 GMT" time="0.838" errors="0">
  <testcase name="execute" time="0.838" classname="keywordLamda.XLSReaderOld"/>
</testsuite> <!-- keywordLamda.XLSReaderOld -->
